[backblue.gif]
[fade.gif]
[index.html]
[alpha.laboutiquetheme.com/favicon.ico]
[alpha.laboutiquetheme.com/img/logo.png]
[alpha.laboutiquetheme.com/img/thumbnails/db_file_img_48_60x60.jpg]
[alpha.laboutiquetheme.com/img/thumbnails/db_file_img_137_60x60.jpg]
[alpha.laboutiquetheme.com/img/thumbnails/db_file_img_42_60x60.jpg]
[alpha.laboutiquetheme.com/img/thumbnails/db_file_img_107_60x60.jpg]
[alpha.laboutiquetheme.com/img/thumbnails/db_file_img_132_60x60.jpg]
[alpha.laboutiquetheme.com/img/megamenu/img01.jpg]
[alpha.laboutiquetheme.com/img/slides/1.jpg]
[alpha.laboutiquetheme.com/img/slides/2.jpg]
[alpha.laboutiquetheme.com/img/slides/3.jpg]
[alpha.laboutiquetheme.com/img/slides/4.jpg]
[alpha.laboutiquetheme.com/img/free-shipping.png]
[alpha.laboutiquetheme.com/img/world-shipping.png]
[alpha.laboutiquetheme.com/img/low-price.png]
[alpha.laboutiquetheme.com/img/thumbnails/db_file_img_48_640xauto.jpg]
[alpha.laboutiquetheme.com/img/thumbnails/db_file_img_49_640xauto.jpg]
[alpha.laboutiquetheme.com/img/thumbnails/db_file_img_32_640xauto.jpg]
[alpha.laboutiquetheme.com/img/thumbnails/db_file_img_33_640xauto.jpg]
[alpha.laboutiquetheme.com/img/thumbnails/db_file_img_137_640xauto.jpg]
[alpha.laboutiquetheme.com/img/thumbnails/db_file_img_138_640xauto.jpg]
[alpha.laboutiquetheme.com/img/thumbnails/db_file_img_92_640xauto.jpg]
[alpha.laboutiquetheme.com/img/thumbnails/db_file_img_93_640xauto.jpg]
[alpha.laboutiquetheme.com/img/thumbnails/db_file_img_87_640xauto.jpg]
[alpha.laboutiquetheme.com/img/thumbnails/db_file_img_88_640xauto.jpg]
[alpha.laboutiquetheme.com/img/thumbnails/db_file_img_10_640xauto.jpg]
[alpha.laboutiquetheme.com/img/thumbnails/db_file_img_34_640xauto.jpg]
[alpha.laboutiquetheme.com/img/thumbnails/db_file_img_35_640xauto.jpg]
[alpha.laboutiquetheme.com/img/thumbnails/db_file_img_97_640xauto.jpg]
[alpha.laboutiquetheme.com/img/thumbnails/db_file_img_98_640xauto.jpg]
[alpha.laboutiquetheme.com/img/thumbnails/db_file_img_151_640xauto.jpg]
[alpha.laboutiquetheme.com/img/thumbnails/db_file_img_152_640xauto.jpg]
[alpha.laboutiquetheme.com/img/thumbnails/db_file_img_122_640xauto.jpg]
[alpha.laboutiquetheme.com/img/thumbnails/db_file_img_123_640xauto.jpg]
[alpha.laboutiquetheme.com/img/thumbnails/db_file_img_39_640xauto.jpg]
[alpha.laboutiquetheme.com/img/thumbnails/db_file_img_42_640xauto.jpg]
[alpha.laboutiquetheme.com/img/thumbnails/db_file_img_43_640xauto.jpg]
[alpha.laboutiquetheme.com/img/thumbnails/db_file_img_44_640xauto.jpg]
[alpha.laboutiquetheme.com/img/thumbnails/db_file_img_45_640xauto.jpg]
[alpha.laboutiquetheme.com/img/thumbnails/db_file_img_155_640xauto.jpg]
[alpha.laboutiquetheme.com/img/thumbnails/db_file_img_159_640xauto.jpg]
[alpha.laboutiquetheme.com/img/stripe.png]
[alpha.laboutiquetheme.com/js/jquery-1.11.3.min.js]
[alpha.laboutiquetheme.com/js/bootstrap.min.js]
[alpha.laboutiquetheme.com/js/jquery-migrate-1.2.1.min.js]
[alpha.laboutiquetheme.com/js/isotope.pkgd.min.js]
[alpha.laboutiquetheme.com/js/imagesloaded.pkgd.min.js]
[alpha.laboutiquetheme.com/js/jquery.flexslider.js]
[alpha.laboutiquetheme.com/js/jquery-ui-1.10.2.custom.js]
[alpha.laboutiquetheme.com/js/jquery.easing.min.js]
[alpha.laboutiquetheme.com/js/jquery.elevatezoom.js]
[alpha.laboutiquetheme.com/js/jquery.sharrre-1.3.5.js]
[alpha.laboutiquetheme.com/js/jquery.cookie.js]
[alpha.laboutiquetheme.com/js/la_boutique.js]
[alpha.laboutiquetheme.com/js/tfingi-megamenu/tfingi-megamenu-frontend.js]
[alpha.laboutiquetheme.com/index.html]
[alpha.laboutiquetheme.com/fonts/glyphicons-halflings-regular.eot]
[alpha.laboutiquetheme.com/fonts/glyphicons-halflings-regular.woff2]
[alpha.laboutiquetheme.com/fonts/glyphicons-halflings-regular.woff]
[alpha.laboutiquetheme.com/fonts/glyphicons-halflings-regulard41d.eot]
[alpha.laboutiquetheme.com/fonts/glyphicons-halflings-regular.ttf]
[alpha.laboutiquetheme.com/css/bootstrap.min.css]
[alpha.laboutiquetheme.com/fonts/fontawesome-webfonte0a5.eot]
[alpha.laboutiquetheme.com/fonts/fontawesome-webfontd41d.eot]
[alpha.laboutiquetheme.com/fonts/fontawesome-webfonte0a5.woff2]
[alpha.laboutiquetheme.com/fonts/fontawesome-webfonte0a5.woff]
[alpha.laboutiquetheme.com/fonts/fontawesome-webfonte0a5.ttf]
[alpha.laboutiquetheme.com/css/font-awesome.min.css]
[alpha.laboutiquetheme.com/fonts/flexslider-icon.eot]
[alpha.laboutiquetheme.com/fonts/flexslider-icond41d.eot]
[alpha.laboutiquetheme.com/fonts/flexslider-icon.woff]
[alpha.laboutiquetheme.com/fonts/flexslider-icon.ttf]
[alpha.laboutiquetheme.com/css/flexslider.css]
[alpha.laboutiquetheme.com/js/tfingi-megamenu/tfingi-megamenu-frontend.css]
[alpha.laboutiquetheme.com/img/loader.gif]
[alpha.laboutiquetheme.com/img/social.png]
[alpha.laboutiquetheme.com/img/triangle.png]
[alpha.laboutiquetheme.com/img/cart.png]
[alpha.laboutiquetheme.com/img/ui-slider-handle.png]
[alpha.laboutiquetheme.com/img/preloader.gif]
[alpha.laboutiquetheme.com/img/larr.png]
[alpha.laboutiquetheme.com/img/rarr.png]
[alpha.laboutiquetheme.com/css/color-schemes/turquoise.css]
[alpha.laboutiquetheme.com/login-register.html]
[alpha.laboutiquetheme.com/index-2.html]
[alpha.laboutiquetheme.com/img/thumbnails/db_file_img_228_480xauto.jpg]
[alpha.laboutiquetheme.com/img/thumbnails/db_file_img_228_640xauto.jpg]
[alpha.laboutiquetheme.com/img/thumbnails/db_file_img_228_160xauto.jpg]
[alpha.laboutiquetheme.com/img/thumbnails/db_file_img_229_640xauto.jpg]
[alpha.laboutiquetheme.com/img/thumbnails/db_file_img_229_160xauto.jpg]
[alpha.laboutiquetheme.com/img/thumbnails/db_file_img_227_640xauto.jpg]
[alpha.laboutiquetheme.com/img/thumbnails/db_file_img_227_160xauto.jpg]
[www.tfingi.com/repo/royal-mail.png]
[www.tfingi.com/repo/ups-logo.png]
[alpha.laboutiquetheme.com/img/thumbnails/avatar.png]
[connect.facebook.net/en_GB/all.js]
[alpha.laboutiquetheme.com/product.html]
[alpha.laboutiquetheme.com/img/thumbnails/db_file_img_230_60xauto.jpg]
[alpha.laboutiquetheme.com/img/thumbnails/db_file_img_17_60xauto.jpg]
[alpha.laboutiquetheme.com/cart.html]
[alpha.laboutiquetheme.com/img/thumbnails/db_file_img_269_160xauto.jpg]
[alpha.laboutiquetheme.com/img/thumbnails/db_file_img_265_160xauto.jpg]
[alpha.laboutiquetheme.com/img/thumbnails/db_file_img_261_160xauto.jpg]
[alpha.laboutiquetheme.com/img/adverts/advert-1.jpg]
[alpha.laboutiquetheme.com/img/adverts/advert-2.jpg]
[alpha.laboutiquetheme.com/img/thumbnails/db_file_img_57_160xauto.jpg]
[alpha.laboutiquetheme.com/img/thumbnails/db_file_img_44_160xauto.jpg]
[alpha.laboutiquetheme.com/img/thumbnails/db_file_img_175_160xauto.jpg]
[alpha.laboutiquetheme.com/img/thumbnails/db_file_img_32_160xauto.jpg]
[alpha.laboutiquetheme.com/img/thumbnails/db_file_img_48_160xauto.jpg]
[alpha.laboutiquetheme.com/img/thumbnails/db_file_img_34_160xauto.jpg]
[alpha.laboutiquetheme.com/category.html]
[alpha.laboutiquetheme.com/typography.html]
[alpha.laboutiquetheme.com/retina-ready-icons.html]
[alpha.laboutiquetheme.com/buttons.html]
[alpha.laboutiquetheme.com/img/resources/1.jpg]
[alpha.laboutiquetheme.com/img/resources/2.jpg]
[alpha.laboutiquetheme.com/img/resources/3.jpg]
[alpha.laboutiquetheme.com/elements.html]
[alpha.laboutiquetheme.com/grids.html]
[alpha.laboutiquetheme.com/about-us.html]
[alpha.laboutiquetheme.com/store-locator.html]
[alpha.laboutiquetheme.com/img/thumbnails/db_file_img_272_640xauto.jpg]
[alpha.laboutiquetheme.com/img/thumbnails/db_file_img_273_640xauto.jpg]
[alpha.laboutiquetheme.com/img/thumbnails/db_file_img_274_640xauto.jpg]
[alpha.laboutiquetheme.com/blog.html]
[alpha.laboutiquetheme.com/contact-us.html]
[alpha.laboutiquetheme.com/404.html]
[alpha.laboutiquetheme.com/order-history.html]
[alpha.laboutiquetheme.com/checkout-start.html]
[alpha.laboutiquetheme.com/reset-password.html]
[alpha.laboutiquetheme.com/change-password.html]
[alpha.laboutiquetheme.com/checkout.html]
[alpha.laboutiquetheme.com/retina-ready-icons-2.html]
[pbs.twimg.com/profile_images/469596772147290113/m9O0h_3e_bigger.png]
[alpha.laboutiquetheme.com/blog-post.html]
[alpha.laboutiquetheme.com/css/color-schemes/greensea.css]
[alpha.laboutiquetheme.com/css/color-schemes/emerland.css]
[alpha.laboutiquetheme.com/css/color-schemes/nephritis.css]
[alpha.laboutiquetheme.com/css/color-schemes/peterriver.css]
[alpha.laboutiquetheme.com/css/color-schemes/belizehole.css]
[alpha.laboutiquetheme.com/css/color-schemes/amethyst.css]
[alpha.laboutiquetheme.com/css/color-schemes/wisteria.css]
[alpha.laboutiquetheme.com/css/color-schemes/wetasphalt.css]
[alpha.laboutiquetheme.com/css/color-schemes/midnightblue.css]
[alpha.laboutiquetheme.com/css/color-schemes/sunflower.css]
[alpha.laboutiquetheme.com/css/color-schemes/orange.css]
[alpha.laboutiquetheme.com/css/color-schemes/carrot.css]
[alpha.laboutiquetheme.com/css/color-schemes/pumpkin.css]
[alpha.laboutiquetheme.com/css/color-schemes/alizarin.css]
[alpha.laboutiquetheme.com/css/color-schemes/pomegranate.css]
[alpha.laboutiquetheme.com/fonts/glyphicons-halflings-regular.svg]
[alpha.laboutiquetheme.com/fonts/fontawesome-webfonte0a5.svg]
[alpha.laboutiquetheme.com/fonts/flexslider-icon.svg]
[connect.facebook.net/en_GB/all.js]
